\BOOKMARK [1][-]{Indice General.1}{Indice General}{}
\BOOKMARK [0][-]{section*.6}{\315ndice de figuras}{}
\BOOKMARK [0][-]{section*.8}{\315ndice de tablas}{}
\BOOKMARK [0][-]{chapter*.9}{Revisar}{}
\BOOKMARK [0][-]{chapter.1}{1 Introducci\363n}{}
\BOOKMARK [1][-]{section.1.1}{1.1 Objetivos y estructura del documento}{chapter.1}
\BOOKMARK [0][-]{chapter.2}{2 Marco te\363rico}{}
\BOOKMARK [1][-]{section.2.1}{2.1 Descripci\363n}{chapter.2}
\BOOKMARK [1][-]{section.2.2}{2.2 Generalidades}{chapter.2}
\BOOKMARK [2][-]{subsection.2.2.1}{2.2.1 Redacci\363n}{section.2.2}
\BOOKMARK [2][-]{subsection.2.2.2}{2.2.2 Ecuaciones}{section.2.2}
\BOOKMARK [2][-]{subsection.2.2.3}{2.2.3 Figuras}{section.2.2}
\BOOKMARK [2][-]{subsection.2.2.4}{2.2.4 Referencias bibliogr\341ficas}{section.2.2}
\BOOKMARK [2][-]{subsection.2.2.5}{2.2.5 Extensi\363n}{section.2.2}
\BOOKMARK [1][-]{section.2.3}{2.3 Sobre esta plantilla LaTeX}{chapter.2}
\BOOKMARK [2][-]{subsection.2.3.1}{2.3.1 Marcar asuntos pendientes}{section.2.3}
\BOOKMARK [2][-]{subsection.2.3.2}{2.3.2 \315ndices}{section.2.3}
\BOOKMARK [0][-]{chapter.3}{3 Soluci\363n propuesta}{}
\BOOKMARK [0][-]{chapter.4}{4 Resultados y an\341lisis}{}
\BOOKMARK [0][-]{chapter.5}{5 Conclusiones}{}
\BOOKMARK [0][-]{appendix.A}{A Demostraci\363n del teorema de Nyquist}{}
